<?xml version="1.0" encoding="UTF-8"?>
<testng-results ignored="0" total="1" passed="1" failed="0" skipped="0">
  <reporter-output>
  </reporter-output>
  <suite started-at="2023-11-20T21:04:55 IST" name="Default suite" finished-at="2023-11-20T21:04:55 IST" duration-ms="234">
    <groups>
    </groups>
    <test started-at="2023-11-20T21:04:55 IST" name="Default test" finished-at="2023-11-20T21:04:55 IST" duration-ms="234">
      <class name="AssignmentTest.Assigment1Test">
        <test-method signature="testoccurance()[pri:0, instance:AssignmentTest.Assigment1Test@3bcd05cb]" started-at="2023-11-20T21:04:55 IST" name="testoccurance" finished-at="2023-11-20T21:04:55 IST" duration-ms="93" status="PASS">
          <reporter-output>
          </reporter-output>
        </test-method> <!-- testoccurance -->
      </class> <!-- AssignmentTest.Assigment1Test -->
    </test> <!-- Default test -->
  </suite> <!-- Default suite -->
</testng-results>
